2023-08-19T01:40:36.875Z [32minfo[39m: 	Server is running on port 3001
2023-08-19T01:40:43.528Z [32minfo[39m: 	Scraping completed
2023-08-19T01:40:43.765Z [32minfo[39m: 	Seed completed
2023-08-19T01:41:19.196Z [32minfo[39m: 	API Query Received: state: undefined city: Los Angeles,Irvine,New York,Austin,Dallas,dallas,austin country: USA dateOfOccurrence: 7/21/223,7/17/233
2023-08-19T01:41:19.328Z [32minfo[39m: 	API Query Received: state: undefined city: Los Angeles country: USA dateOfOccurrence: 7/21/23,7/17/23
2023-08-19T01:41:19.515Z [32minfo[39m: 	API Query Received: state: undefined city: Los Angeles country: USA dateOfOccurrence: 17/21/23
2023-08-19T01:41:19.713Z [32minfo[39m: 	API Query Received: state: undefined city: Los Angeles country: USA dateOfOccurrence: 17/21/23
2023-08-19T01:41:20.145Z [31merror[39m: 	Error decoding URI: Simulated server error
2023-08-19T01:41:26.750Z [32minfo[39m: 	API Query Received: state: undefined city: undefined country: usa dateOfOccurrence: undefined
2023-08-19T01:41:30.575Z [32minfo[39m: 	API Query Received: state: undefined city: Los Angeles,Irvine,New York,Austin,Dallas,dallas,austin country: USA dateOfOccurrence: 7/21/23,7/17/23
2023-08-19T01:41:31.581Z [32minfo[39m: 	API Query Received: state: undefined city: undefined country: undefined dateOfOccurrence: undefined
2023-08-19T01:41:31.703Z [32minfo[39m: 	API Query Received: state: undefined city: Los Angeles,Irvine,New York,Austin,Dallas,dallas,austin country: USA dateOfOccurrence: 7/21/23,7/17/23
2023-08-19T01:41:32.059Z [32minfo[39m: 	API Query Received: state: undefined city: Los Angeles,Irvine,New York,Austin,Dallas,dallas,austin country: USA dateOfOccurrence: 7/2122/23,7/17/23
2023-08-19T01:41:32.083Z [32minfo[39m: 	API Query Received: state: undefined city: undefined country: undefined dateOfOccurrence: undefined
2023-08-19T01:41:32.090Z [31merror[39m: 	Error decoding URI: Simulated server error
2023-08-19T01:41:32.094Z [32minfo[39m: 	API Query Received: state: undefined city: Los Angeles,Irvine,New York,Austin,Dallas,dallas,austin country: USA dateOfOccurrence: 7/21/23,7/17/23
2023-08-19T01:41:32.304Z [32minfo[39m: 	API Query Received: state: undefined city: Los Angeles,Irvine,New York,Austin,Dallas,dallas,austin country: USA dateOfOccurrence: 7/21/23,7/17/23
2023-08-19T01:41:32.431Z [32minfo[39m: 	API Query Received: state: undefined city: Los Angeles,Irvine,New York,Austin,Dallas,dallas,austin country: USA dateOfOccurrence: 7/21/23,7/17/23
2023-08-19T01:41:32.467Z [32minfo[39m: 	API Query Received: state: undefined city: Los Angeles,Irvine,New York,Austin,Dallas,dallas,austin country: USA dateOfOccurrence: 7/21/23,7/17/23
2023-08-19T01:41:32.473Z [32minfo[39m: 	API Query Received: state: undefined city: Los Angeles,Irvine,New York,Austin,Dallas,dallas,austin country: USA dateOfOccurrence: 7/21/23,7/17/23
2023-08-19T01:41:32.481Z [32minfo[39m: 	API Query Received: state: undefined city: Los Angeles,Irvine,New York,Austin,Dallas,dallas,austin country: USA dateOfOccurrence: 7/21/23,7/17/23
2023-08-19T01:41:32.485Z [32minfo[39m: 	API Query Received: state: undefined city: Los Angeles,Irvine,New York,Austin,Dallas,dallas,austin country: USA dateOfOccurrence: 7/21/23,7/17/23
2023-08-19T01:41:32.663Z [32minfo[39m: 	API Query Received: state: undefined city: Los Angeles,Irvine,New York,Austin,Dallas,dallas,austin country: USA dateOfOccurrence: 7/21/23,7/17/23
2023-08-19T01:41:32.765Z [32minfo[39m: 	API Query Received: state: undefined city: Los Angeles,Irvine,New York,Austin,Dallas,dallas,austin country: USA dateOfOccurrence: 7/21/23,7/17/23
2023-08-19T01:41:32.911Z [32minfo[39m: 	API Query Received: state: undefined city: Los Angeles,Irvine,New York,Austin,Dallas,dallas,austin country: USA dateOfOccurrence: 7/21/23,7/17/23
2023-08-19T01:41:32.986Z [32minfo[39m: 	API Query Received: state: undefined city: Los Angeles,Irvine,New York,Austin,Dallas,dallas,austin country: USA dateOfOccurrence: 7/21/23,7/17/23
2023-08-19T01:41:33.005Z [32minfo[39m: 	API Query Received: state: undefined city: Los Angeles,Irvine,New York,Austin,Dallas,dallas,austin country: USA dateOfOccurrence: 7/21/23,7/17/23
2023-08-19T01:41:33.508Z [32minfo[39m: 	API Query Received: state: undefined city: Los Angeles,Irvine,New York,Austin,Dallas,dallas,austin country: USA dateOfOccurrence: 7/21/23,7/17/23
2023-08-19T01:41:33.593Z [32minfo[39m: 	API Query Received: state: undefined city: Los Angeles,Irvine,New York,Austin,Dallas,dallas,austin country: USA dateOfOccurrence: 7/21/23,7/17/23
2023-08-19T01:41:33.596Z [32minfo[39m: 	API Query Received: state: undefined city: Los Angeles,Irvine,New York,Austin,Dallas,dallas,austin country: USA dateOfOccurrence: 7/21/23,7/17/23
2023-08-19T01:41:33.599Z [32minfo[39m: 	API Query Received: state: undefined city: Los Angeles,Irvine,New York,Austin,Dallas,dallas,austin country: USA dateOfOccurrence: 7/21/23,7/17/23
2023-08-19T01:41:33.602Z [32minfo[39m: 	API Query Received: state: undefined city: Los Angeles,Irvine,New York,Austin,Dallas,dallas,austin country: USA dateOfOccurrence: 7/21/23,7/17/23
2023-08-19T01:41:33.605Z [32minfo[39m: 	API Query Received: state: undefined city: Los Angeles,Irvine,New York,Austin,Dallas,dallas,austin country: USA dateOfOccurrence: 7/21/23,7/17/23
2023-08-19T01:41:33.609Z [32minfo[39m: 	API Query Received: state: undefined city: Los Angeles,Irvine,New York,Austin,Dallas,dallas,austin country: USA dateOfOccurrence: 7/21/23,7/17/23
2023-08-19T01:41:33.613Z [32minfo[39m: 	API Query Received: state: undefined city: Los Angeles,Irvine,New York,Austin,Dallas,dallas,austin country: USA dateOfOccurrence: 7/21/23,7/17/23
2023-08-19T01:41:33.617Z [32minfo[39m: 	API Query Received: state: undefined city: Los Angeles,Irvine,New York,Austin,Dallas,dallas,austin country: USA dateOfOccurrence: 7/21/23,7/17/23
2023-08-19T01:41:33.621Z [32minfo[39m: 	API Query Received: state: undefined city: Los Angeles,Irvine,New York,Austin,Dallas,dallas,austin country: USA dateOfOccurrence: 7/21/23,7/17/23
2023-08-19T01:41:33.624Z [32minfo[39m: 	API Query Received: state: undefined city: Los Angeles,Irvine,New York,Austin,Dallas,dallas,austin country: USA dateOfOccurrence: 7/21/23,7/17/23
2023-08-19T01:41:33.628Z [32minfo[39m: 	API Query Received: state: undefined city: Los Angeles,Irvine,New York,Austin,Dallas,dallas,austin country: USA dateOfOccurrence: 7/21/23,7/17/23
2023-08-19T01:41:33.632Z [32minfo[39m: 	API Query Received: state: undefined city: Los Angeles,Irvine,New York,Austin,Dallas,dallas,austin country: USA dateOfOccurrence: 7/21/23,7/17/23
2023-08-19T01:41:33.690Z [32minfo[39m: 	API Query Received: state: undefined city: Los Angeles,Irvine,New York,Austin,Dallas,dallas,austin country: USA dateOfOccurrence: 7/21/23,7/17/23
2023-08-19T01:41:33.692Z [32minfo[39m: 	API Query Received: state: undefined city: Los Angeles,Irvine,New York,Austin,Dallas,dallas,austin country: USA dateOfOccurrence: 7/21/23,7/17/23
2023-08-19T01:41:33.695Z [32minfo[39m: 	API Query Received: state: undefined city: Los Angeles,Irvine,New York,Austin,Dallas,dallas,austin country: USA dateOfOccurrence: 7/21/23,7/17/23
2023-08-19T01:41:33.740Z [32minfo[39m: 	API Query Received: state: undefined city: Los Angeles,Irvine,New York,Austin,Dallas,dallas,austin country: USA dateOfOccurrence: 7/21/23,7/17/23
2023-08-19T01:41:33.742Z [32minfo[39m: 	API Query Received: state: undefined city: Los Angeles,Irvine,New York,Austin,Dallas,dallas,austin country: USA dateOfOccurrence: 7/21/23,7/17/23
2023-08-19T01:41:33.924Z [32minfo[39m: 	API Query Received: state: undefined city: Los Angeles,Irvine,New York,Austin,Dallas,dallas,austin country: USA dateOfOccurrence: 7/21/23,7/17/23
2023-08-19T01:41:33.926Z [32minfo[39m: 	API Query Received: state: undefined city: Los Angeles,Irvine,New York,Austin,Dallas,dallas,austin country: USA dateOfOccurrence: 7/21/23,7/17/23
2023-08-19T01:41:33.929Z [32minfo[39m: 	API Query Received: state: undefined city: Los Angeles,Irvine,New York,Austin,Dallas,dallas,austin country: USA dateOfOccurrence: 7/21/23,7/17/23
2023-08-19T01:41:33.931Z [32minfo[39m: 	API Query Received: state: undefined city: Los Angeles,Irvine,New York,Austin,Dallas,dallas,austin country: USA dateOfOccurrence: 7/21/23,7/17/23
2023-08-19T01:41:33.932Z [32minfo[39m: 	API Query Received: state: undefined city: Los Angeles,Irvine,New York,Austin,Dallas,dallas,austin country: USA dateOfOccurrence: 7/21/23,7/17/23
2023-08-19T01:41:34.125Z [32minfo[39m: 	API Query Received: state: undefined city: Los Angeles,Irvine,New York,Austin,Dallas,dallas,austin country: USA dateOfOccurrence: 7/21/23,7/17/23
2023-08-19T01:41:34.128Z [32minfo[39m: 	API Query Received: state: undefined city: Los Angeles,Irvine,New York,Austin,Dallas,dallas,austin country: USA dateOfOccurrence: 7/21/23,7/17/23
2023-08-19T01:41:34.133Z [32minfo[39m: 	API Query Received: state: undefined city: Los Angeles,Irvine,New York,Austin,Dallas,dallas,austin country: USA dateOfOccurrence: 7/21/23,7/17/23
2023-08-19T01:41:34.135Z [32minfo[39m: 	API Query Received: state: undefined city: Los Angeles,Irvine,New York,Austin,Dallas,dallas,austin country: USA dateOfOccurrence: 7/21/23,7/17/23
2023-08-19T01:41:34.136Z [32minfo[39m: 	API Query Received: state: undefined city: Los Angeles,Irvine,New York,Austin,Dallas,dallas,austin country: USA dateOfOccurrence: 7/21/23,7/17/23
2023-08-19T01:41:34.138Z [32minfo[39m: 	API Query Received: state: undefined city: Los Angeles,Irvine,New York,Austin,Dallas,dallas,austin country: USA dateOfOccurrence: 7/21/23,7/17/23
2023-08-19T01:41:34.139Z [32minfo[39m: 	API Query Received: state: undefined city: Los Angeles,Irvine,New York,Austin,Dallas,dallas,austin country: USA dateOfOccurrence: 7/21/23,7/17/23
2023-08-19T01:41:34.141Z [32minfo[39m: 	API Query Received: state: undefined city: Los Angeles,Irvine,New York,Austin,Dallas,dallas,austin country: USA dateOfOccurrence: 7/21/23,7/17/23
2023-08-19T01:41:34.143Z [32minfo[39m: 	API Query Received: state: undefined city: Los Angeles,Irvine,New York,Austin,Dallas,dallas,austin country: USA dateOfOccurrence: 7/21/23,7/17/23
2023-08-19T01:41:34.145Z [32minfo[39m: 	API Query Received: state: undefined city: Los Angeles,Irvine,New York,Austin,Dallas,dallas,austin country: USA dateOfOccurrence: 7/21/23,7/17/23
2023-08-19T01:41:34.147Z [32minfo[39m: 	API Query Received: state: undefined city: Los Angeles,Irvine,New York,Austin,Dallas,dallas,austin country: USA dateOfOccurrence: 7/21/23,7/17/23
2023-08-19T01:41:34.188Z [32minfo[39m: 	API Query Received: state: undefined city: Los Angeles,Irvine,New York,Austin,Dallas,dallas,austin country: USA dateOfOccurrence: 7/21/23,7/17/23
2023-08-19T01:41:34.191Z [32minfo[39m: 	API Query Received: state: undefined city: Los Angeles,Irvine,New York,Austin,Dallas,dallas,austin country: USA dateOfOccurrence: 7/21/23,7/17/23
2023-08-19T01:41:34.193Z [32minfo[39m: 	API Query Received: state: undefined city: Los Angeles,Irvine,New York,Austin,Dallas,dallas,austin country: USA dateOfOccurrence: 7/21/23,7/17/23
2023-08-19T01:41:34.195Z [32minfo[39m: 	API Query Received: state: undefined city: Los Angeles,Irvine,New York,Austin,Dallas,dallas,austin country: USA dateOfOccurrence: 7/21/23,7/17/23
2023-08-19T01:41:34.249Z [32minfo[39m: 	API Query Received: state: undefined city: Los Angeles,Irvine,New York,Austin,Dallas,dallas,austin country: USA dateOfOccurrence: 7/21/23,7/17/23
2023-08-19T01:41:34.251Z [32minfo[39m: 	API Query Received: state: undefined city: Los Angeles,Irvine,New York,Austin,Dallas,dallas,austin country: USA dateOfOccurrence: 7/21/23,7/17/23
2023-08-19T01:41:34.252Z [32minfo[39m: 	API Query Received: state: undefined city: Los Angeles,Irvine,New York,Austin,Dallas,dallas,austin country: USA dateOfOccurrence: 7/21/23,7/17/23
2023-08-19T01:41:34.294Z [32minfo[39m: 	API Query Received: state: undefined city: Los Angeles,Irvine,New York,Austin,Dallas,dallas,austin country: USA dateOfOccurrence: 7/21/23,7/17/23
2023-08-19T01:41:34.296Z [32minfo[39m: 	API Query Received: state: undefined city: Los Angeles,Irvine,New York,Austin,Dallas,dallas,austin country: USA dateOfOccurrence: 7/21/23,7/17/23
2023-08-19T01:41:34.298Z [32minfo[39m: 	API Query Received: state: undefined city: Los Angeles,Irvine,New York,Austin,Dallas,dallas,austin country: USA dateOfOccurrence: 7/21/23,7/17/23
2023-08-19T01:41:34.299Z [32minfo[39m: 	API Query Received: state: undefined city: Los Angeles,Irvine,New York,Austin,Dallas,dallas,austin country: USA dateOfOccurrence: 7/21/23,7/17/23
2023-08-19T01:41:34.301Z [32minfo[39m: 	API Query Received: state: undefined city: Los Angeles,Irvine,New York,Austin,Dallas,dallas,austin country: USA dateOfOccurrence: 7/21/23,7/17/23
2023-08-19T01:41:34.303Z [32minfo[39m: 	API Query Received: state: undefined city: Los Angeles,Irvine,New York,Austin,Dallas,dallas,austin country: USA dateOfOccurrence: 7/21/23,7/17/23
2023-08-19T01:41:34.304Z [32minfo[39m: 	API Query Received: state: undefined city: Los Angeles,Irvine,New York,Austin,Dallas,dallas,austin country: USA dateOfOccurrence: 7/21/23,7/17/23
2023-08-19T01:41:34.306Z [32minfo[39m: 	API Query Received: state: undefined city: Los Angeles,Irvine,New York,Austin,Dallas,dallas,austin country: USA dateOfOccurrence: 7/21/23,7/17/23
2023-08-19T01:41:34.307Z [32minfo[39m: 	API Query Received: state: undefined city: Los Angeles,Irvine,New York,Austin,Dallas,dallas,austin country: USA dateOfOccurrence: 7/21/23,7/17/23
2023-08-19T01:41:34.309Z [32minfo[39m: 	API Query Received: state: undefined city: Los Angeles,Irvine,New York,Austin,Dallas,dallas,austin country: USA dateOfOccurrence: 7/21/23,7/17/23
2023-08-19T01:41:34.310Z [32minfo[39m: 	API Query Received: state: undefined city: Los Angeles,Irvine,New York,Austin,Dallas,dallas,austin country: USA dateOfOccurrence: 7/21/23,7/17/23
2023-08-19T01:41:34.334Z [32minfo[39m: 	API Query Received: state: undefined city: Los Angeles,Irvine,New York,Austin,Dallas,dallas,austin country: USA dateOfOccurrence: 7/21/23,7/17/23
2023-08-19T01:41:34.336Z [32minfo[39m: 	API Query Received: state: undefined city: Los Angeles,Irvine,New York,Austin,Dallas,dallas,austin country: USA dateOfOccurrence: 7/21/23,7/17/23
2023-08-19T01:41:34.338Z [32minfo[39m: 	API Query Received: state: undefined city: Los Angeles,Irvine,New York,Austin,Dallas,dallas,austin country: USA dateOfOccurrence: 7/21/23,7/17/23
2023-08-19T01:41:34.339Z [32minfo[39m: 	API Query Received: state: undefined city: Los Angeles,Irvine,New York,Austin,Dallas,dallas,austin country: USA dateOfOccurrence: 7/21/23,7/17/23
2023-08-19T01:41:34.341Z [32minfo[39m: 	API Query Received: state: undefined city: Los Angeles,Irvine,New York,Austin,Dallas,dallas,austin country: USA dateOfOccurrence: 7/21/23,7/17/23
2023-08-19T01:41:34.342Z [32minfo[39m: 	API Query Received: state: undefined city: Los Angeles,Irvine,New York,Austin,Dallas,dallas,austin country: USA dateOfOccurrence: 7/21/23,7/17/23
2023-08-19T01:41:34.344Z [32minfo[39m: 	API Query Received: state: undefined city: Los Angeles,Irvine,New York,Austin,Dallas,dallas,austin country: USA dateOfOccurrence: 7/21/23,7/17/23
2023-08-19T01:41:34.346Z [32minfo[39m: 	API Query Received: state: undefined city: Los Angeles,Irvine,New York,Austin,Dallas,dallas,austin country: USA dateOfOccurrence: 7/21/23,7/17/23
2023-08-19T01:41:34.347Z [32minfo[39m: 	API Query Received: state: undefined city: Los Angeles,Irvine,New York,Austin,Dallas,dallas,austin country: USA dateOfOccurrence: 7/21/23,7/17/23
2023-08-19T01:41:34.352Z [32minfo[39m: 	API Query Received: state: undefined city: Los Angeles,Irvine,New York,Austin,Dallas,dallas,austin country: USA dateOfOccurrence: 7/21/23,7/17/23
2023-08-19T01:41:34.355Z [32minfo[39m: 	API Query Received: state: undefined city: Los Angeles,Irvine,New York,Austin,Dallas,dallas,austin country: USA dateOfOccurrence: 7/21/23,7/17/23
2023-08-19T01:41:34.358Z [32minfo[39m: 	API Query Received: state: undefined city: Los Angeles,Irvine,New York,Austin,Dallas,dallas,austin country: USA dateOfOccurrence: 7/21/23,7/17/23
2023-08-19T01:41:34.360Z [32minfo[39m: 	API Query Received: state: undefined city: Los Angeles,Irvine,New York,Austin,Dallas,dallas,austin country: USA dateOfOccurrence: 7/21/23,7/17/23
2023-08-19T01:41:34.411Z [32minfo[39m: 	API Query Received: state: undefined city: Los Angeles,Irvine,New York,Austin,Dallas,dallas,austin country: USA dateOfOccurrence: 7/21/23,7/17/23
2023-08-19T01:41:34.414Z [32minfo[39m: 	API Query Received: state: undefined city: Los Angeles,Irvine,New York,Austin,Dallas,dallas,austin country: USA dateOfOccurrence: 7/21/23,7/17/23
2023-08-19T01:41:34.415Z [32minfo[39m: 	API Query Received: state: undefined city: Los Angeles,Irvine,New York,Austin,Dallas,dallas,austin country: USA dateOfOccurrence: 7/21/23,7/17/23
2023-08-19T01:41:34.417Z [32minfo[39m: 	API Query Received: state: undefined city: Los Angeles,Irvine,New York,Austin,Dallas,dallas,austin country: USA dateOfOccurrence: 7/21/23,7/17/23
2023-08-19T01:41:34.419Z [32minfo[39m: 	API Query Received: state: undefined city: Los Angeles,Irvine,New York,Austin,Dallas,dallas,austin country: USA dateOfOccurrence: 7/21/23,7/17/23
2023-08-19T01:41:34.420Z [32minfo[39m: 	API Query Received: state: undefined city: Los Angeles,Irvine,New York,Austin,Dallas,dallas,austin country: USA dateOfOccurrence: 7/21/23,7/17/23
2023-08-19T01:41:34.422Z [32minfo[39m: 	API Query Received: state: undefined city: Los Angeles,Irvine,New York,Austin,Dallas,dallas,austin country: USA dateOfOccurrence: 7/21/23,7/17/23
2023-08-19T01:41:34.424Z [32minfo[39m: 	API Query Received: state: undefined city: Los Angeles,Irvine,New York,Austin,Dallas,dallas,austin country: USA dateOfOccurrence: 7/21/23,7/17/23
2023-08-19T01:41:34.425Z [32minfo[39m: 	API Query Received: state: undefined city: Los Angeles,Irvine,New York,Austin,Dallas,dallas,austin country: USA dateOfOccurrence: 7/21/23,7/17/23
2023-08-19T01:41:34.427Z [32minfo[39m: 	API Query Received: state: undefined city: Los Angeles,Irvine,New York,Austin,Dallas,dallas,austin country: USA dateOfOccurrence: 7/21/23,7/17/23
2023-08-19T01:41:34.429Z [32minfo[39m: 	API Query Received: state: undefined city: Los Angeles,Irvine,New York,Austin,Dallas,dallas,austin country: USA dateOfOccurrence: 7/21/23,7/17/23
2023-08-19T01:41:34.430Z [32minfo[39m: 	API Query Received: state: undefined city: Los Angeles,Irvine,New York,Austin,Dallas,dallas,austin country: USA dateOfOccurrence: 7/21/23,7/17/23
2023-08-19T01:41:34.431Z [32minfo[39m: 	API Query Received: state: undefined city: Los Angeles,Irvine,New York,Austin,Dallas,dallas,austin country: USA dateOfOccurrence: 7/21/23,7/17/23
2023-08-19T01:41:34.432Z [32minfo[39m: 	API Query Received: state: undefined city: Los Angeles,Irvine,New York,Austin,Dallas,dallas,austin country: USA dateOfOccurrence: 7/21/23,7/17/23
2023-08-19T01:41:34.434Z [32minfo[39m: 	API Query Received: state: undefined city: Los Angeles,Irvine,New York,Austin,Dallas,dallas,austin country: USA dateOfOccurrence: 7/21/23,7/17/23
2023-08-19T01:41:34.435Z [32minfo[39m: 	API Query Received: state: undefined city: Los Angeles,Irvine,New York,Austin,Dallas,dallas,austin country: USA dateOfOccurrence: 7/21/23,7/17/23
2023-08-19T01:41:34.437Z [32minfo[39m: 	API Query Received: state: undefined city: Los Angeles,Irvine,New York,Austin,Dallas,dallas,austin country: USA dateOfOccurrence: 7/21/23,7/17/23
2023-08-19T01:41:34.438Z [32minfo[39m: 	API Query Received: state: undefined city: Los Angeles,Irvine,New York,Austin,Dallas,dallas,austin country: USA dateOfOccurrence: 7/21/23,7/17/23
2023-08-19T01:41:34.440Z [33mwarn[39m: 	Rate limit exceeded for IP: ::ffff:127.0.0.1
2023-08-19T01:41:34.441Z [33mwarn[39m: 	Rate limit exceeded for IP: ::ffff:127.0.0.1
2023-08-19T01:41:34.443Z [33mwarn[39m: 	Rate limit exceeded for IP: ::ffff:127.0.0.1
2023-08-19T01:41:34.444Z [33mwarn[39m: 	Rate limit exceeded for IP: ::ffff:127.0.0.1
2023-08-19T01:41:34.446Z [33mwarn[39m: 	Rate limit exceeded for IP: ::ffff:127.0.0.1
2023-08-19T01:41:34.447Z [33mwarn[39m: 	Rate limit exceeded for IP: ::ffff:127.0.0.1
2023-08-19T01:41:34.449Z [33mwarn[39m: 	Rate limit exceeded for IP: ::ffff:127.0.0.1
2023-08-19T01:41:34.451Z [33mwarn[39m: 	Rate limit exceeded for IP: ::ffff:127.0.0.1
2023-08-19T01:41:34.452Z [33mwarn[39m: 	Rate limit exceeded for IP: ::ffff:127.0.0.1
2023-08-19T01:41:34.454Z [33mwarn[39m: 	Rate limit exceeded for IP: ::ffff:127.0.0.1
2023-08-19T01:41:42.317Z [32minfo[39m: 	API Query Received: state: undefined city: los angeles country: usa dateOfOccurrence: undefined
2023-08-19T01:43:00.503Z [32minfo[39m: 	Server is running on port 3001
2023-08-19T01:43:02.986Z [32minfo[39m: 	Scraping completed
2023-08-19T01:43:03.113Z [32minfo[39m: 	Seed completed
2023-08-19T01:43:30.253Z [32minfo[39m: 	API Query Received: state: undefined city: los angeles country: usa dateOfOccurrence: undefined
2023-08-19T01:43:36.346Z [32minfo[39m: 	API Query Received: state: undefined city: undefined country: usa dateOfOccurrence: undefined
2023-08-19T01:43:58.156Z [32minfo[39m: 	API Query Received: state: undefined city: Los Angeles,Irvine,New York,Austin,Dallas,dallas,austin country: USA dateOfOccurrence: 7/21/223,7/17/233
2023-08-19T01:43:58.163Z [32minfo[39m: 	API Query Received: state: undefined city: Los Angeles country: USA dateOfOccurrence: 7/21/23,7/17/23
2023-08-19T01:43:58.165Z [32minfo[39m: 	API Query Received: state: undefined city: Los Angeles country: USA dateOfOccurrence: 17/21/23
2023-08-19T01:43:58.166Z [32minfo[39m: 	API Query Received: state: undefined city: Los Angeles country: USA dateOfOccurrence: 17/21/23
2023-08-19T01:43:58.173Z [31merror[39m: 	Error decoding URI: Simulated server error
2023-08-19T01:43:58.417Z [32minfo[39m: 	API Query Received: state: undefined city: Los Angeles,Irvine,New York,Austin,Dallas,dallas,austin country: USA dateOfOccurrence: 7/21/23,7/17/23
2023-08-19T01:43:58.431Z [32minfo[39m: 	API Query Received: state: undefined city: undefined country: undefined dateOfOccurrence: undefined
2023-08-19T01:43:58.435Z [32minfo[39m: 	API Query Received: state: undefined city: Los Angeles,Irvine,New York,Austin,Dallas,dallas,austin country: USA dateOfOccurrence: 7/21/23,7/17/23
2023-08-19T01:43:58.451Z [32minfo[39m: 	API Query Received: state: undefined city: Los Angeles,Irvine,New York,Austin,Dallas,dallas,austin country: USA dateOfOccurrence: 7/2122/23,7/17/23
2023-08-19T01:43:58.455Z [32minfo[39m: 	API Query Received: state: undefined city: undefined country: undefined dateOfOccurrence: undefined
2023-08-19T01:43:58.465Z [31merror[39m: 	Error decoding URI: Simulated server error
2023-08-19T01:43:58.472Z [32minfo[39m: 	API Query Received: state: undefined city: Los Angeles,Irvine,New York,Austin,Dallas,dallas,austin country: USA dateOfOccurrence: 7/21/23,7/17/23
2023-08-19T01:43:58.476Z [32minfo[39m: 	API Query Received: state: undefined city: Los Angeles,Irvine,New York,Austin,Dallas,dallas,austin country: USA dateOfOccurrence: 7/21/23,7/17/23
2023-08-19T01:43:58.479Z [32minfo[39m: 	API Query Received: state: undefined city: Los Angeles,Irvine,New York,Austin,Dallas,dallas,austin country: USA dateOfOccurrence: 7/21/23,7/17/23
2023-08-19T01:43:58.483Z [32minfo[39m: 	API Query Received: state: undefined city: Los Angeles,Irvine,New York,Austin,Dallas,dallas,austin country: USA dateOfOccurrence: 7/21/23,7/17/23
2023-08-19T01:43:58.492Z [32minfo[39m: 	API Query Received: state: undefined city: Los Angeles,Irvine,New York,Austin,Dallas,dallas,austin country: USA dateOfOccurrence: 7/21/23,7/17/23
2023-08-19T01:43:58.498Z [32minfo[39m: 	API Query Received: state: undefined city: Los Angeles,Irvine,New York,Austin,Dallas,dallas,austin country: USA dateOfOccurrence: 7/21/23,7/17/23
2023-08-19T01:43:58.509Z [32minfo[39m: 	API Query Received: state: undefined city: Los Angeles,Irvine,New York,Austin,Dallas,dallas,austin country: USA dateOfOccurrence: 7/21/23,7/17/23
2023-08-19T01:43:58.513Z [32minfo[39m: 	API Query Received: state: undefined city: Los Angeles,Irvine,New York,Austin,Dallas,dallas,austin country: USA dateOfOccurrence: 7/21/23,7/17/23
2023-08-19T01:43:58.516Z [32minfo[39m: 	API Query Received: state: undefined city: Los Angeles,Irvine,New York,Austin,Dallas,dallas,austin country: USA dateOfOccurrence: 7/21/23,7/17/23
2023-08-19T01:43:58.520Z [32minfo[39m: 	API Query Received: state: undefined city: Los Angeles,Irvine,New York,Austin,Dallas,dallas,austin country: USA dateOfOccurrence: 7/21/23,7/17/23
2023-08-19T01:43:58.523Z [32minfo[39m: 	API Query Received: state: undefined city: Los Angeles,Irvine,New York,Austin,Dallas,dallas,austin country: USA dateOfOccurrence: 7/21/23,7/17/23
2023-08-19T01:43:58.526Z [32minfo[39m: 	API Query Received: state: undefined city: Los Angeles,Irvine,New York,Austin,Dallas,dallas,austin country: USA dateOfOccurrence: 7/21/23,7/17/23
2023-08-19T01:43:58.530Z [32minfo[39m: 	API Query Received: state: undefined city: Los Angeles,Irvine,New York,Austin,Dallas,dallas,austin country: USA dateOfOccurrence: 7/21/23,7/17/23
2023-08-19T01:43:58.534Z [32minfo[39m: 	API Query Received: state: undefined city: Los Angeles,Irvine,New York,Austin,Dallas,dallas,austin country: USA dateOfOccurrence: 7/21/23,7/17/23
2023-08-19T01:43:58.536Z [32minfo[39m: 	API Query Received: state: undefined city: Los Angeles,Irvine,New York,Austin,Dallas,dallas,austin country: USA dateOfOccurrence: 7/21/23,7/17/23
2023-08-19T01:43:58.539Z [32minfo[39m: 	API Query Received: state: undefined city: Los Angeles,Irvine,New York,Austin,Dallas,dallas,austin country: USA dateOfOccurrence: 7/21/23,7/17/23
2023-08-19T01:43:58.542Z [32minfo[39m: 	API Query Received: state: undefined city: Los Angeles,Irvine,New York,Austin,Dallas,dallas,austin country: USA dateOfOccurrence: 7/21/23,7/17/23
2023-08-19T01:43:58.545Z [32minfo[39m: 	API Query Received: state: undefined city: Los Angeles,Irvine,New York,Austin,Dallas,dallas,austin country: USA dateOfOccurrence: 7/21/23,7/17/23
2023-08-19T01:43:58.548Z [32minfo[39m: 	API Query Received: state: undefined city: Los Angeles,Irvine,New York,Austin,Dallas,dallas,austin country: USA dateOfOccurrence: 7/21/23,7/17/23
2023-08-19T01:43:58.551Z [32minfo[39m: 	API Query Received: state: undefined city: Los Angeles,Irvine,New York,Austin,Dallas,dallas,austin country: USA dateOfOccurrence: 7/21/23,7/17/23
2023-08-19T01:43:58.554Z [32minfo[39m: 	API Query Received: state: undefined city: Los Angeles,Irvine,New York,Austin,Dallas,dallas,austin country: USA dateOfOccurrence: 7/21/23,7/17/23
2023-08-19T01:43:58.557Z [32minfo[39m: 	API Query Received: state: undefined city: Los Angeles,Irvine,New York,Austin,Dallas,dallas,austin country: USA dateOfOccurrence: 7/21/23,7/17/23
2023-08-19T01:43:58.561Z [32minfo[39m: 	API Query Received: state: undefined city: Los Angeles,Irvine,New York,Austin,Dallas,dallas,austin country: USA dateOfOccurrence: 7/21/23,7/17/23
2023-08-19T01:43:58.564Z [32minfo[39m: 	API Query Received: state: undefined city: Los Angeles,Irvine,New York,Austin,Dallas,dallas,austin country: USA dateOfOccurrence: 7/21/23,7/17/23
2023-08-19T01:43:58.568Z [32minfo[39m: 	API Query Received: state: undefined city: Los Angeles,Irvine,New York,Austin,Dallas,dallas,austin country: USA dateOfOccurrence: 7/21/23,7/17/23
2023-08-19T01:43:58.571Z [32minfo[39m: 	API Query Received: state: undefined city: Los Angeles,Irvine,New York,Austin,Dallas,dallas,austin country: USA dateOfOccurrence: 7/21/23,7/17/23
2023-08-19T01:43:58.573Z [32minfo[39m: 	API Query Received: state: undefined city: Los Angeles,Irvine,New York,Austin,Dallas,dallas,austin country: USA dateOfOccurrence: 7/21/23,7/17/23
2023-08-19T01:43:58.576Z [32minfo[39m: 	API Query Received: state: undefined city: Los Angeles,Irvine,New York,Austin,Dallas,dallas,austin country: USA dateOfOccurrence: 7/21/23,7/17/23
2023-08-19T01:43:58.580Z [32minfo[39m: 	API Query Received: state: undefined city: Los Angeles,Irvine,New York,Austin,Dallas,dallas,austin country: USA dateOfOccurrence: 7/21/23,7/17/23
2023-08-19T01:43:58.582Z [32minfo[39m: 	API Query Received: state: undefined city: Los Angeles,Irvine,New York,Austin,Dallas,dallas,austin country: USA dateOfOccurrence: 7/21/23,7/17/23
2023-08-19T01:43:58.584Z [32minfo[39m: 	API Query Received: state: undefined city: Los Angeles,Irvine,New York,Austin,Dallas,dallas,austin country: USA dateOfOccurrence: 7/21/23,7/17/23
2023-08-19T01:43:58.586Z [32minfo[39m: 	API Query Received: state: undefined city: Los Angeles,Irvine,New York,Austin,Dallas,dallas,austin country: USA dateOfOccurrence: 7/21/23,7/17/23
2023-08-19T01:43:58.589Z [32minfo[39m: 	API Query Received: state: undefined city: Los Angeles,Irvine,New York,Austin,Dallas,dallas,austin country: USA dateOfOccurrence: 7/21/23,7/17/23
2023-08-19T01:43:58.594Z [32minfo[39m: 	API Query Received: state: undefined city: Los Angeles,Irvine,New York,Austin,Dallas,dallas,austin country: USA dateOfOccurrence: 7/21/23,7/17/23
2023-08-19T01:43:58.596Z [32minfo[39m: 	API Query Received: state: undefined city: Los Angeles,Irvine,New York,Austin,Dallas,dallas,austin country: USA dateOfOccurrence: 7/21/23,7/17/23
2023-08-19T01:43:58.599Z [32minfo[39m: 	API Query Received: state: undefined city: Los Angeles,Irvine,New York,Austin,Dallas,dallas,austin country: USA dateOfOccurrence: 7/21/23,7/17/23
2023-08-19T01:43:58.601Z [32minfo[39m: 	API Query Received: state: undefined city: Los Angeles,Irvine,New York,Austin,Dallas,dallas,austin country: USA dateOfOccurrence: 7/21/23,7/17/23
2023-08-19T01:43:58.603Z [32minfo[39m: 	API Query Received: state: undefined city: Los Angeles,Irvine,New York,Austin,Dallas,dallas,austin country: USA dateOfOccurrence: 7/21/23,7/17/23
2023-08-19T01:43:58.605Z [32minfo[39m: 	API Query Received: state: undefined city: Los Angeles,Irvine,New York,Austin,Dallas,dallas,austin country: USA dateOfOccurrence: 7/21/23,7/17/23
2023-08-19T01:43:58.608Z [32minfo[39m: 	API Query Received: state: undefined city: Los Angeles,Irvine,New York,Austin,Dallas,dallas,austin country: USA dateOfOccurrence: 7/21/23,7/17/23
2023-08-19T01:43:58.611Z [32minfo[39m: 	API Query Received: state: undefined city: Los Angeles,Irvine,New York,Austin,Dallas,dallas,austin country: USA dateOfOccurrence: 7/21/23,7/17/23
2023-08-19T01:43:58.614Z [32minfo[39m: 	API Query Received: state: undefined city: Los Angeles,Irvine,New York,Austin,Dallas,dallas,austin country: USA dateOfOccurrence: 7/21/23,7/17/23
2023-08-19T01:43:58.617Z [32minfo[39m: 	API Query Received: state: undefined city: Los Angeles,Irvine,New York,Austin,Dallas,dallas,austin country: USA dateOfOccurrence: 7/21/23,7/17/23
2023-08-19T01:43:58.620Z [32minfo[39m: 	API Query Received: state: undefined city: Los Angeles,Irvine,New York,Austin,Dallas,dallas,austin country: USA dateOfOccurrence: 7/21/23,7/17/23
2023-08-19T01:43:58.622Z [32minfo[39m: 	API Query Received: state: undefined city: Los Angeles,Irvine,New York,Austin,Dallas,dallas,austin country: USA dateOfOccurrence: 7/21/23,7/17/23
2023-08-19T01:43:58.624Z [32minfo[39m: 	API Query Received: state: undefined city: Los Angeles,Irvine,New York,Austin,Dallas,dallas,austin country: USA dateOfOccurrence: 7/21/23,7/17/23
2023-08-19T01:43:58.626Z [32minfo[39m: 	API Query Received: state: undefined city: Los Angeles,Irvine,New York,Austin,Dallas,dallas,austin country: USA dateOfOccurrence: 7/21/23,7/17/23
2023-08-19T01:43:58.628Z [32minfo[39m: 	API Query Received: state: undefined city: Los Angeles,Irvine,New York,Austin,Dallas,dallas,austin country: USA dateOfOccurrence: 7/21/23,7/17/23
2023-08-19T01:43:58.630Z [32minfo[39m: 	API Query Received: state: undefined city: Los Angeles,Irvine,New York,Austin,Dallas,dallas,austin country: USA dateOfOccurrence: 7/21/23,7/17/23
2023-08-19T01:43:58.634Z [32minfo[39m: 	API Query Received: state: undefined city: Los Angeles,Irvine,New York,Austin,Dallas,dallas,austin country: USA dateOfOccurrence: 7/21/23,7/17/23
2023-08-19T01:43:58.636Z [32minfo[39m: 	API Query Received: state: undefined city: Los Angeles,Irvine,New York,Austin,Dallas,dallas,austin country: USA dateOfOccurrence: 7/21/23,7/17/23
2023-08-19T01:43:58.637Z [32minfo[39m: 	API Query Received: state: undefined city: Los Angeles,Irvine,New York,Austin,Dallas,dallas,austin country: USA dateOfOccurrence: 7/21/23,7/17/23
2023-08-19T01:43:58.639Z [32minfo[39m: 	API Query Received: state: undefined city: Los Angeles,Irvine,New York,Austin,Dallas,dallas,austin country: USA dateOfOccurrence: 7/21/23,7/17/23
2023-08-19T01:43:58.640Z [32minfo[39m: 	API Query Received: state: undefined city: Los Angeles,Irvine,New York,Austin,Dallas,dallas,austin country: USA dateOfOccurrence: 7/21/23,7/17/23
2023-08-19T01:43:58.642Z [32minfo[39m: 	API Query Received: state: undefined city: Los Angeles,Irvine,New York,Austin,Dallas,dallas,austin country: USA dateOfOccurrence: 7/21/23,7/17/23
2023-08-19T01:43:58.643Z [32minfo[39m: 	API Query Received: state: undefined city: Los Angeles,Irvine,New York,Austin,Dallas,dallas,austin country: USA dateOfOccurrence: 7/21/23,7/17/23
2023-08-19T01:43:58.644Z [32minfo[39m: 	API Query Received: state: undefined city: Los Angeles,Irvine,New York,Austin,Dallas,dallas,austin country: USA dateOfOccurrence: 7/21/23,7/17/23
2023-08-19T01:43:58.646Z [32minfo[39m: 	API Query Received: state: undefined city: Los Angeles,Irvine,New York,Austin,Dallas,dallas,austin country: USA dateOfOccurrence: 7/21/23,7/17/23
2023-08-19T01:43:58.647Z [32minfo[39m: 	API Query Received: state: undefined city: Los Angeles,Irvine,New York,Austin,Dallas,dallas,austin country: USA dateOfOccurrence: 7/21/23,7/17/23
2023-08-19T01:43:58.649Z [32minfo[39m: 	API Query Received: state: undefined city: Los Angeles,Irvine,New York,Austin,Dallas,dallas,austin country: USA dateOfOccurrence: 7/21/23,7/17/23
2023-08-19T01:43:58.651Z [32minfo[39m: 	API Query Received: state: undefined city: Los Angeles,Irvine,New York,Austin,Dallas,dallas,austin country: USA dateOfOccurrence: 7/21/23,7/17/23
2023-08-19T01:43:58.652Z [32minfo[39m: 	API Query Received: state: undefined city: Los Angeles,Irvine,New York,Austin,Dallas,dallas,austin country: USA dateOfOccurrence: 7/21/23,7/17/23
2023-08-19T01:43:58.654Z [32minfo[39m: 	API Query Received: state: undefined city: Los Angeles,Irvine,New York,Austin,Dallas,dallas,austin country: USA dateOfOccurrence: 7/21/23,7/17/23
2023-08-19T01:43:58.656Z [32minfo[39m: 	API Query Received: state: undefined city: Los Angeles,Irvine,New York,Austin,Dallas,dallas,austin country: USA dateOfOccurrence: 7/21/23,7/17/23
2023-08-19T01:43:58.658Z [32minfo[39m: 	API Query Received: state: undefined city: Los Angeles,Irvine,New York,Austin,Dallas,dallas,austin country: USA dateOfOccurrence: 7/21/23,7/17/23
2023-08-19T01:43:58.660Z [32minfo[39m: 	API Query Received: state: undefined city: Los Angeles,Irvine,New York,Austin,Dallas,dallas,austin country: USA dateOfOccurrence: 7/21/23,7/17/23
2023-08-19T01:43:58.661Z [32minfo[39m: 	API Query Received: state: undefined city: Los Angeles,Irvine,New York,Austin,Dallas,dallas,austin country: USA dateOfOccurrence: 7/21/23,7/17/23
2023-08-19T01:43:58.663Z [32minfo[39m: 	API Query Received: state: undefined city: Los Angeles,Irvine,New York,Austin,Dallas,dallas,austin country: USA dateOfOccurrence: 7/21/23,7/17/23
2023-08-19T01:43:58.665Z [32minfo[39m: 	API Query Received: state: undefined city: Los Angeles,Irvine,New York,Austin,Dallas,dallas,austin country: USA dateOfOccurrence: 7/21/23,7/17/23
2023-08-19T01:43:58.666Z [32minfo[39m: 	API Query Received: state: undefined city: Los Angeles,Irvine,New York,Austin,Dallas,dallas,austin country: USA dateOfOccurrence: 7/21/23,7/17/23
2023-08-19T01:43:58.670Z [32minfo[39m: 	API Query Received: state: undefined city: Los Angeles,Irvine,New York,Austin,Dallas,dallas,austin country: USA dateOfOccurrence: 7/21/23,7/17/23
2023-08-19T01:43:58.671Z [32minfo[39m: 	API Query Received: state: undefined city: Los Angeles,Irvine,New York,Austin,Dallas,dallas,austin country: USA dateOfOccurrence: 7/21/23,7/17/23
2023-08-19T01:43:58.673Z [32minfo[39m: 	API Query Received: state: undefined city: Los Angeles,Irvine,New York,Austin,Dallas,dallas,austin country: USA dateOfOccurrence: 7/21/23,7/17/23
2023-08-19T01:43:58.674Z [32minfo[39m: 	API Query Received: state: undefined city: Los Angeles,Irvine,New York,Austin,Dallas,dallas,austin country: USA dateOfOccurrence: 7/21/23,7/17/23
2023-08-19T01:43:58.676Z [32minfo[39m: 	API Query Received: state: undefined city: Los Angeles,Irvine,New York,Austin,Dallas,dallas,austin country: USA dateOfOccurrence: 7/21/23,7/17/23
2023-08-19T01:43:58.677Z [32minfo[39m: 	API Query Received: state: undefined city: Los Angeles,Irvine,New York,Austin,Dallas,dallas,austin country: USA dateOfOccurrence: 7/21/23,7/17/23
2023-08-19T01:43:58.679Z [32minfo[39m: 	API Query Received: state: undefined city: Los Angeles,Irvine,New York,Austin,Dallas,dallas,austin country: USA dateOfOccurrence: 7/21/23,7/17/23
2023-08-19T01:43:58.680Z [32minfo[39m: 	API Query Received: state: undefined city: Los Angeles,Irvine,New York,Austin,Dallas,dallas,austin country: USA dateOfOccurrence: 7/21/23,7/17/23
2023-08-19T01:43:58.682Z [32minfo[39m: 	API Query Received: state: undefined city: Los Angeles,Irvine,New York,Austin,Dallas,dallas,austin country: USA dateOfOccurrence: 7/21/23,7/17/23
2023-08-19T01:43:58.683Z [32minfo[39m: 	API Query Received: state: undefined city: Los Angeles,Irvine,New York,Austin,Dallas,dallas,austin country: USA dateOfOccurrence: 7/21/23,7/17/23
2023-08-19T01:43:58.684Z [32minfo[39m: 	API Query Received: state: undefined city: Los Angeles,Irvine,New York,Austin,Dallas,dallas,austin country: USA dateOfOccurrence: 7/21/23,7/17/23
2023-08-19T01:43:58.686Z [32minfo[39m: 	API Query Received: state: undefined city: Los Angeles,Irvine,New York,Austin,Dallas,dallas,austin country: USA dateOfOccurrence: 7/21/23,7/17/23
2023-08-19T01:43:58.687Z [32minfo[39m: 	API Query Received: state: undefined city: Los Angeles,Irvine,New York,Austin,Dallas,dallas,austin country: USA dateOfOccurrence: 7/21/23,7/17/23
2023-08-19T01:43:58.689Z [32minfo[39m: 	API Query Received: state: undefined city: Los Angeles,Irvine,New York,Austin,Dallas,dallas,austin country: USA dateOfOccurrence: 7/21/23,7/17/23
2023-08-19T01:43:58.691Z [32minfo[39m: 	API Query Received: state: undefined city: Los Angeles,Irvine,New York,Austin,Dallas,dallas,austin country: USA dateOfOccurrence: 7/21/23,7/17/23
2023-08-19T01:43:58.692Z [32minfo[39m: 	API Query Received: state: undefined city: Los Angeles,Irvine,New York,Austin,Dallas,dallas,austin country: USA dateOfOccurrence: 7/21/23,7/17/23
2023-08-19T01:43:58.694Z [32minfo[39m: 	API Query Received: state: undefined city: Los Angeles,Irvine,New York,Austin,Dallas,dallas,austin country: USA dateOfOccurrence: 7/21/23,7/17/23
2023-08-19T01:43:58.696Z [32minfo[39m: 	API Query Received: state: undefined city: Los Angeles,Irvine,New York,Austin,Dallas,dallas,austin country: USA dateOfOccurrence: 7/21/23,7/17/23
2023-08-19T01:43:58.698Z [32minfo[39m: 	API Query Received: state: undefined city: Los Angeles,Irvine,New York,Austin,Dallas,dallas,austin country: USA dateOfOccurrence: 7/21/23,7/17/23
2023-08-19T01:43:58.700Z [32minfo[39m: 	API Query Received: state: undefined city: Los Angeles,Irvine,New York,Austin,Dallas,dallas,austin country: USA dateOfOccurrence: 7/21/23,7/17/23
2023-08-19T01:43:58.701Z [32minfo[39m: 	API Query Received: state: undefined city: Los Angeles,Irvine,New York,Austin,Dallas,dallas,austin country: USA dateOfOccurrence: 7/21/23,7/17/23
2023-08-19T01:43:58.705Z [32minfo[39m: 	API Query Received: state: undefined city: Los Angeles,Irvine,New York,Austin,Dallas,dallas,austin country: USA dateOfOccurrence: 7/21/23,7/17/23
2023-08-19T01:43:58.706Z [32minfo[39m: 	API Query Received: state: undefined city: Los Angeles,Irvine,New York,Austin,Dallas,dallas,austin country: USA dateOfOccurrence: 7/21/23,7/17/23
2023-08-19T01:43:58.708Z [32minfo[39m: 	API Query Received: state: undefined city: Los Angeles,Irvine,New York,Austin,Dallas,dallas,austin country: USA dateOfOccurrence: 7/21/23,7/17/23
2023-08-19T01:43:58.711Z [32minfo[39m: 	API Query Received: state: undefined city: Los Angeles,Irvine,New York,Austin,Dallas,dallas,austin country: USA dateOfOccurrence: 7/21/23,7/17/23
2023-08-19T01:43:58.713Z [33mwarn[39m: 	Rate limit exceeded for IP: ::ffff:127.0.0.1
2023-08-19T01:43:58.715Z [33mwarn[39m: 	Rate limit exceeded for IP: ::ffff:127.0.0.1
2023-08-19T01:43:58.717Z [33mwarn[39m: 	Rate limit exceeded for IP: ::ffff:127.0.0.1
2023-08-19T01:43:58.720Z [33mwarn[39m: 	Rate limit exceeded for IP: ::ffff:127.0.0.1
2023-08-19T01:43:58.722Z [33mwarn[39m: 	Rate limit exceeded for IP: ::ffff:127.0.0.1
2023-08-19T01:43:58.724Z [33mwarn[39m: 	Rate limit exceeded for IP: ::ffff:127.0.0.1
2023-08-19T01:43:58.727Z [33mwarn[39m: 	Rate limit exceeded for IP: ::ffff:127.0.0.1
2023-08-19T01:43:58.729Z [33mwarn[39m: 	Rate limit exceeded for IP: ::ffff:127.0.0.1
2023-08-19T01:43:58.731Z [33mwarn[39m: 	Rate limit exceeded for IP: ::ffff:127.0.0.1
2023-08-19T01:43:58.733Z [33mwarn[39m: 	Rate limit exceeded for IP: ::ffff:127.0.0.1
2023-08-19T01:45:08.650Z [32minfo[39m: 	Server is running on port 3001
2023-08-19T01:45:10.587Z [32minfo[39m: 	Scraping completed
2023-08-19T01:45:10.696Z [32minfo[39m: 	Seed completed
2023-08-19T01:45:47.468Z [32minfo[39m: 	Server is running on port 3001
2023-08-19T01:45:49.446Z [32minfo[39m: 	Scraping completed
2023-08-19T01:45:49.546Z [32minfo[39m: 	Seed completed
2023-08-19T01:47:08.234Z [32minfo[39m: 	API Query Received: state: undefined city: undefined country: usa dateOfOccurrence: undefined
2023-08-19T01:47:12.020Z [32minfo[39m: 	API Query Received: state: undefined city: undefined country: usa dateOfOccurrence: 7/21/23
2023-08-19T01:47:15.973Z [32minfo[39m: 	API Query Received: state: undefined city: los angeles country: usa dateOfOccurrence: 7/21/23
