2023-08-23T22:00:13.718Z [32minfo[39m: 	API Query Received: state:  city:  country:  dateOfOccurrence: 
2023-08-23T22:04:33.379Z [32minfo[39m: 	API Query Received: state:  city:  country:  dateOfOccurrence: 
2023-08-23T22:05:27.574Z [32minfo[39m: 	API Query Received: state:  city:  country:  dateOfOccurrence: 
2023-08-23T22:07:25.185Z [32minfo[39m: 	API Query Received: state:  city:  country:  dateOfOccurrence: 
2023-08-23T22:07:33.037Z [32minfo[39m: 	API Query Received: state:  city:  country:  dateOfOccurrence: 
2023-08-23T22:08:06.715Z [32minfo[39m: 	API Query Received: state: CA city:  country:  dateOfOccurrence: 
2023-08-23T22:09:07.963Z [32minfo[39m: 	API Query Received: state:  city:  country:  dateOfOccurrence: 
2023-08-23T22:09:25.502Z [32minfo[39m: 	API Query Received: state:  city:  country:  dateOfOccurrence: 
2023-08-23T22:10:30.985Z [32minfo[39m: 	API Query Received: state:  city:  country:  dateOfOccurrence: 
2023-08-23T22:10:37.577Z [32minfo[39m: 	API Query Received: state:  city:  country: USA dateOfOccurrence: 
2023-08-23T22:36:55.347Z [32minfo[39m: 	Server is running on port 3001
2023-08-23T22:37:00.249Z [32minfo[39m: 	Scraping completed
2023-08-23T22:37:00.373Z [32minfo[39m: 	Seed completed
2023-08-23T22:37:33.371Z [32minfo[39m: 	API Query Received: state: CA city: los angeles country: usa,indonesia,france dateOfOccurrence: 7/21/23
2023-08-23T22:37:42.551Z [32minfo[39m: 	API Query Received: state: CA city: los angeles country: usa,indonesia,france dateOfOccurrence: 7/21/23
2023-08-23T22:37:58.564Z [32minfo[39m: 	Scraping completed
2023-08-23T22:37:58.732Z [32minfo[39m: 	Seed completed
2023-08-23T22:40:02.238Z [31merror[39m: 	Navigation timeout of 30000 ms exceeded
2023-08-23T22:40:02.240Z [32minfo[39m: 	Scraping completed
2023-08-23T22:40:02.559Z [31merror[39m: 	Seed or scrape error: Cannot read properties of undefined (reading 'map')
